nohup: ignoring input
[                    ] 0%-----------
Initializing structure...
time for choose_chunkdivision = 0.000485897 s
Working in 1D dimensions.
Computational cell is 0 x 0 x 3.02 with resolution 1000
     block, center = (0,0,-0.26)
          size (0,0,0.5)
          axes (1,0,0), (0,1,0), (0,0,1)
          dielectric constant epsilon diagonal = (1,1,1)
     block, center = (0,0,0)
          size (0,0,0.02)
          axes (1,0,0), (0,1,0), (0,0,1)
          dielectric constant epsilon diagonal = (36,36,36)
     block, center = (0,0,0.26)
          size (0,0,0.5)
          axes (1,0,0), (0,1,0), (0,0,1)
          dielectric constant epsilon diagonal = (1,1,1)
time for set_epsilon = 0.0036099 s
-----------
FloatProgress(value=0.0, description='0% done ', max=4180.0)
Meep progress: 22.521/4180.0 = 0.5% done in 4.0s, 738.4s to go
on time step 22525 (time=22.525), 0.000177585 s/step
Meep progress: 45.022/4180.0 = 1.1% done in 8.0s, 734.8s to go
on time step 45031 (time=45.031), 0.000177732 s/step
Meep progress: 67.522/4180.0 = 1.6% done in 12.0s, 730.9s to go
on time step 67531 (time=67.531), 0.000177782 s/step
Meep progress: 90.03/4180.0 = 2.2% done in 16.0s, 726.9s to go
on time step 90039 (time=90.039), 0.00017772 s/step
Meep progress: 112.532/4180.0 = 2.7% done in 20.0s, 722.9s to go
on time step 112542 (time=112.542), 0.000177758 s/step
Meep progress: 135.05100000000002/4180.0 = 3.2% done in 24.0s, 718.8s to go
on time step 135061 (time=135.061), 0.000177632 s/step
Meep progress: 157.39000000000001/4180.0 = 3.8% done in 28.0s, 715.6s to go
on time step 157400 (time=157.4), 0.00017906 s/step
