nohup: ignoring input
[                    ] 0%-----------
Initializing structure...
time for choose_chunkdivision = 0.000496864 s
Working in 1D dimensions.
Computational cell is 0 x 0 x 3.02 with resolution 1000
     block, center = (0,0,-0.26)
          size (0,0,0.5)
          axes (1,0,0), (0,1,0), (0,0,1)
          dielectric constant epsilon diagonal = (1,1,1)
     block, center = (0,0,0)
          size (0,0,0.02)
          axes (1,0,0), (0,1,0), (0,0,1)
          dielectric constant epsilon diagonal = (36,36,36)
     block, center = (0,0,0.26)
          size (0,0,0.5)
          axes (1,0,0), (0,1,0), (0,0,1)
          dielectric constant epsilon diagonal = (1,1,1)
time for set_epsilon = 0.00361609 s
-----------
FloatProgress(value=0.0, description='0% done ', max=8360.0)
Meep progress: 22.431/8360.0 = 0.3% done in 4.0s, 1486.8s to go
on time step 22436 (time=22.436), 0.000178292 s/step
Meep progress: 44.868/8360.0 = 0.5% done in 8.0s, 1482.6s to go
on time step 44874 (time=44.874), 0.000178275 s/step
Meep progress: 66.619/8360.0 = 0.8% done in 12.0s, 1493.9s to go
on time step 66625 (time=66.625), 0.000183906 s/step
